{"level":"info","message":"🔑 JWT RS256 Key Pair loaded successfully from local files.","service":"kod-brand-crm","timestamp":"2026-06-09T03:43:08.699Z"}
{"level":"info","message":"🔑 JWT RS256 Key Pair loaded successfully from local files.","service":"kod-brand-crm","timestamp":"2026-06-09T05:06:41.207Z"}
{"level":"info","message":"🔑 JWT RS256 Key Pair loaded successfully from local files.","service":"kod-brand-crm","timestamp":"2026-06-09T05:06:44.011Z"}
{"level":"info","message":"🔑 JWT RS256 Key Pair loaded successfully from local files.","service":"kod-brand-crm","timestamp":"2026-06-09T05:39:43.197Z"}
{"level":"info","message":"🔑 JWT RS256 Key Pair loaded successfully from local files.","service":"kod-brand-crm","timestamp":"2026-06-09T05:39:47.329Z"}
{"level":"info","message":"🔑 JWT RS256 Key Pair loaded successfully from local files.","service":"kod-brand-crm","timestamp":"2026-06-09T05:39:52.200Z"}
{"level":"info","message":"🔑 JWT RS256 Key Pair loaded successfully from local files.","service":"kod-brand-crm","timestamp":"2026-06-09T05:40:39.503Z"}
{"level":"info","message":"🔑 JWT RS256 Key Pair loaded successfully from local files.","service":"kod-brand-crm","timestamp":"2026-06-09T06:12:28.410Z"}
{"level":"info","message":"🔑 JWT RS256 Key Pair loaded successfully from local files.","service":"kod-brand-crm","timestamp":"2026-06-09T06:12:53.668Z"}
{"level":"info","message":"🔑 JWT RS256 Key Pair loaded successfully from local files.","service":"kod-brand-crm","timestamp":"2026-06-09T06:13:14.643Z"}
{"level":"info","message":"🔑 JWT RS256 Key Pair loaded successfully from local files.","service":"kod-brand-crm","timestamp":"2026-06-09T06:13:18.740Z"}
{"level":"info","message":"🔑 JWT RS256 Key Pair loaded successfully from local files.","service":"kod-brand-crm","timestamp":"2026-06-09T06:13:58.701Z"}
{"level":"info","message":"🔑 JWT RS256 Key Pair loaded successfully from local files.","service":"kod-brand-crm","timestamp":"2026-06-09T06:14:33.722Z"}
{"level":"info","message":"🔑 JWT RS256 Key Pair loaded successfully from local files.","service":"kod-brand-crm","timestamp":"2026-06-09T06:15:28.354Z"}
{"level":"info","message":"🔑 JWT RS256 Key Pair loaded successfully from local files.","service":"kod-brand-crm","timestamp":"2026-06-09T06:27:53.718Z"}
{"level":"info","message":"🔑 JWT RS256 Key Pair loaded successfully from local files.","service":"kod-brand-crm","timestamp":"2026-06-09T06:28:34.529Z"}
{"level":"info","message":"🔑 JWT RS256 Key Pair loaded successfully from local files.","service":"kod-brand-crm","timestamp":"2026-06-09T06:28:42.744Z"}
{"level":"info","message":"🔑 JWT RS256 Key Pair loaded successfully from local files.","service":"kod-brand-crm","timestamp":"2026-06-09T06:29:06.424Z"}
{"level":"info","message":"🔑 JWT RS256 Key Pair loaded successfully from local files.","service":"kod-brand-crm","timestamp":"2026-06-09T06:30:13.198Z"}
{"level":"info","message":"🔑 JWT RS256 Key Pair loaded successfully from local files.","service":"kod-brand-crm","timestamp":"2026-06-09T06:37:55.351Z"}
{"level":"info","message":"🔑 JWT RS256 Key Pair loaded successfully from local files.","service":"kod-brand-crm","timestamp":"2026-06-09T06:38:21.343Z"}
{"level":"info","message":"🔑 JWT RS256 Key Pair loaded successfully from local files.","service":"kod-brand-crm","timestamp":"2026-06-09T07:03:26.968Z"}
{"level":"info","message":"🔑 JWT RS256 Key Pair loaded successfully from local files.","service":"kod-brand-crm","timestamp":"2026-06-09T07:03:30.042Z"}
{"level":"info","message":"🔑 JWT RS256 Key Pair loaded successfully from local files.","service":"kod-brand-crm","timestamp":"2026-06-09T07:03:34.258Z"}
{"level":"info","message":"🔑 JWT RS256 Key Pair loaded successfully from local files.","service":"kod-brand-crm","timestamp":"2026-06-09T07:03:37.923Z"}
{"level":"info","message":"🔑 JWT RS256 Key Pair loaded successfully from local files.","service":"kod-brand-crm","timestamp":"2026-06-09T07:03:40.922Z"}
{"level":"info","message":"🔑 JWT RS256 Key Pair loaded successfully from local files.","service":"kod-brand-crm","timestamp":"2026-06-09T07:03:44.914Z"}
{"level":"info","message":"🔑 JWT RS256 Key Pair loaded successfully from local files.","service":"kod-brand-crm","timestamp":"2026-06-09T07:10:58.616Z"}
{"level":"info","message":"🔑 JWT RS256 Key Pair loaded successfully from local files.","service":"kod-brand-crm","timestamp":"2026-06-09T07:11:11.424Z"}
{"level":"info","message":"🔑 JWT RS256 Key Pair loaded successfully from local files.","service":"kod-brand-crm","timestamp":"2026-06-09T07:11:29.015Z"}
{"level":"info","message":"🔑 JWT RS256 Key Pair loaded successfully from local files.","service":"kod-brand-crm","timestamp":"2026-06-09T07:12:27.359Z"}
{"level":"info","message":"🔑 JWT RS256 Key Pair loaded successfully from local files.","service":"kod-brand-crm","timestamp":"2026-06-09T07:24:47.994Z"}
{"action":"UPDATE_LEAD","details":{"updateStatus":"Basic tracking logged"},"level":"info","message":"AUDIT: [UPDATE_LEAD] executed by user [6a27956af292348deb7d0496] (employee) on resource [6a26a6922a56a1f9c49da88f]","resourceId":"6a26a6922a56a1f9c49da88f","service":"kod-brand-crm","timestamp":"2026-06-09T07:25:31.842Z","userId":"6a27956af292348deb7d0496","userRole":"employee"}
{"action":"UPDATE_LEAD","details":{"updateStatus":"Basic tracking logged"},"level":"info","message":"AUDIT: [UPDATE_LEAD] executed by user [6a27956af292348deb7d0496] (employee) on resource [6a26a6922a56a1f9c49da88d]","resourceId":"6a26a6922a56a1f9c49da88d","service":"kod-brand-crm","timestamp":"2026-06-09T07:25:39.157Z","userId":"6a27956af292348deb7d0496","userRole":"employee"}
{"action":"UPDATE_LEAD","details":{"updateStatus":"Basic tracking logged"},"level":"info","message":"AUDIT: [UPDATE_LEAD] executed by user [6a27956af292348deb7d0496] (employee) on resource [6a26a6922a56a1f9c49da88d]","resourceId":"6a26a6922a56a1f9c49da88d","service":"kod-brand-crm","timestamp":"2026-06-09T07:54:58.589Z","userId":"6a27956af292348deb7d0496","userRole":"employee"}
{"action":"UPDATE_LEAD","details":{"updateStatus":"Basic tracking logged"},"level":"info","message":"AUDIT: [UPDATE_LEAD] executed by user [6a27956af292348deb7d0496] (employee) on resource [6a26a6922a56a1f9c49da88d]","resourceId":"6a26a6922a56a1f9c49da88d","service":"kod-brand-crm","timestamp":"2026-06-09T07:59:44.618Z","userId":"6a27956af292348deb7d0496","userRole":"employee"}
{"action":"UPDATE_LEAD","details":{"updateStatus":"Basic tracking logged"},"level":"info","message":"AUDIT: [UPDATE_LEAD] executed by user [6a27956af292348deb7d0496] (employee) on resource [6a26a6922a56a1f9c49da88d]","resourceId":"6a26a6922a56a1f9c49da88d","service":"kod-brand-crm","timestamp":"2026-06-09T07:59:54.761Z","userId":"6a27956af292348deb7d0496","userRole":"employee"}
{"action":"UPDATE_LEAD","details":{"updateStatus":"Basic tracking logged"},"level":"info","message":"AUDIT: [UPDATE_LEAD] executed by user [6a27956af292348deb7d0496] (employee) on resource [6a26a6922a56a1f9c49da88e]","resourceId":"6a26a6922a56a1f9c49da88e","service":"kod-brand-crm","timestamp":"2026-06-09T08:00:00.147Z","userId":"6a27956af292348deb7d0496","userRole":"employee"}
{"action":"UPDATE_LEAD","details":{"updateStatus":"Basic tracking logged"},"level":"info","message":"AUDIT: [UPDATE_LEAD] executed by user [6a27956af292348deb7d0496] (employee) on resource [6a26a6922a56a1f9c49da88d]","resourceId":"6a26a6922a56a1f9c49da88d","service":"kod-brand-crm","timestamp":"2026-06-09T08:00:16.131Z","userId":"6a27956af292348deb7d0496","userRole":"employee"}
{"action":"UPDATE_LEAD","details":{"updateStatus":"Basic tracking logged"},"level":"info","message":"AUDIT: [UPDATE_LEAD] executed by user [6a27956af292348deb7d0496] (employee) on resource [6a26a6922a56a1f9c49da88d]","resourceId":"6a26a6922a56a1f9c49da88d","service":"kod-brand-crm","timestamp":"2026-06-09T08:00:39.771Z","userId":"6a27956af292348deb7d0496","userRole":"employee"}
{"action":"UPDATE_LEAD","details":{"updateStatus":"Basic tracking logged"},"level":"info","message":"AUDIT: [UPDATE_LEAD] executed by user [6a27956af292348deb7d0496] (employee) on resource [6a26a6922a56a1f9c49da88d]","resourceId":"6a26a6922a56a1f9c49da88d","service":"kod-brand-crm","timestamp":"2026-06-09T08:00:42.569Z","userId":"6a27956af292348deb7d0496","userRole":"employee"}
{"action":"UPDATE_LEAD","details":{"updateStatus":"Basic tracking logged"},"level":"info","message":"AUDIT: [UPDATE_LEAD] executed by user [6a27956af292348deb7d0496] (employee) on resource [6a26a6922a56a1f9c49da88d]","resourceId":"6a26a6922a56a1f9c49da88d","service":"kod-brand-crm","timestamp":"2026-06-09T08:00:50.162Z","userId":"6a27956af292348deb7d0496","userRole":"employee"}
{"action":"UPDATE_LEAD","details":{"updateStatus":"Basic tracking logged"},"level":"info","message":"AUDIT: [UPDATE_LEAD] executed by user [6a27956af292348deb7d0496] (employee) on resource [6a26a6922a56a1f9c49da88d]","resourceId":"6a26a6922a56a1f9c49da88d","service":"kod-brand-crm","timestamp":"2026-06-09T08:00:53.722Z","userId":"6a27956af292348deb7d0496","userRole":"employee"}
{"action":"UPDATE_LEAD","details":{"updateStatus":"Basic tracking logged"},"level":"info","message":"AUDIT: [UPDATE_LEAD] executed by user [6a27956af292348deb7d0496] (employee) on resource [6a26a6922a56a1f9c49da88d]","resourceId":"6a26a6922a56a1f9c49da88d","service":"kod-brand-crm","timestamp":"2026-06-09T08:01:12.746Z","userId":"6a27956af292348deb7d0496","userRole":"employee"}
{"action":"UPDATE_LEAD","details":{"updateStatus":"Basic tracking logged"},"level":"info","message":"AUDIT: [UPDATE_LEAD] executed by user [6a27956af292348deb7d0496] (employee) on resource [6a26a6922a56a1f9c49da88d]","resourceId":"6a26a6922a56a1f9c49da88d","service":"kod-brand-crm","timestamp":"2026-06-09T08:01:19.946Z","userId":"6a27956af292348deb7d0496","userRole":"employee"}
{"action":"UPDATE_LEAD","details":{"updateStatus":"Basic tracking logged"},"level":"info","message":"AUDIT: [UPDATE_LEAD] executed by user [6a27956af292348deb7d0496] (employee) on resource [6a26a6922a56a1f9c49da88d]","resourceId":"6a26a6922a56a1f9c49da88d","service":"kod-brand-crm","timestamp":"2026-06-09T08:01:22.091Z","userId":"6a27956af292348deb7d0496","userRole":"employee"}
{"action":"UPDATE_LEAD","details":{"updateStatus":"Basic tracking logged"},"level":"info","message":"AUDIT: [UPDATE_LEAD] executed by user [6a27956af292348deb7d0496] (employee) on resource [6a26a6922a56a1f9c49da88f]","resourceId":"6a26a6922a56a1f9c49da88f","service":"kod-brand-crm","timestamp":"2026-06-09T08:33:11.032Z","userId":"6a27956af292348deb7d0496","userRole":"employee"}
{"action":"UPDATE_LEAD","details":{"updateStatus":"Basic tracking logged"},"level":"info","message":"AUDIT: [UPDATE_LEAD] executed by user [6a27956af292348deb7d0496] (employee) on resource [6a26a6922a56a1f9c49da88f]","resourceId":"6a26a6922a56a1f9c49da88f","service":"kod-brand-crm","timestamp":"2026-06-09T08:33:17.148Z","userId":"6a27956af292348deb7d0496","userRole":"employee"}
{"action":"UPDATE_LEAD","details":{"updateStatus":"Basic tracking logged"},"level":"info","message":"AUDIT: [UPDATE_LEAD] executed by user [6a27956af292348deb7d0496] (employee) on resource [6a26a6922a56a1f9c49da890]","resourceId":"6a26a6922a56a1f9c49da890","service":"kod-brand-crm","timestamp":"2026-06-09T08:35:22.928Z","userId":"6a27956af292348deb7d0496","userRole":"employee"}
{"action":"UPDATE_LEAD","details":{"updateStatus":"Basic tracking logged"},"level":"info","message":"AUDIT: [UPDATE_LEAD] executed by user [6a27956af292348deb7d0496] (employee) on resource [6a26a6922a56a1f9c49da88d]","resourceId":"6a26a6922a56a1f9c49da88d","service":"kod-brand-crm","timestamp":"2026-06-09T09:02:47.070Z","userId":"6a27956af292348deb7d0496","userRole":"employee"}
{"level":"info","message":"🔑 JWT RS256 Key Pair loaded successfully from local files.","service":"kod-brand-crm","timestamp":"2026-06-09T09:12:49.990Z"}
{"level":"info","message":"🔑 JWT RS256 Key Pair loaded successfully from local files.","service":"kod-brand-crm","timestamp":"2026-06-09T09:12:53.612Z"}
{"level":"info","message":"🔑 JWT RS256 Key Pair loaded successfully from local files.","service":"kod-brand-crm","timestamp":"2026-06-09T09:24:09.543Z"}
{"action":"IMPORT_LEADS","details":{"count":14},"level":"info","message":"AUDIT: [IMPORT_LEADS] executed by user [6a27956af292348deb7d0496] (employee) on resource [bulk]","resourceId":"bulk","service":"kod-brand-crm","timestamp":"2026-06-09T09:25:50.560Z","userId":"6a27956af292348deb7d0496","userRole":"employee"}
{"level":"info","message":"🔑 JWT RS256 Key Pair loaded successfully from local files.","service":"kod-brand-crm","timestamp":"2026-06-09T09:28:54.594Z"}
{"level":"info","message":"🔑 JWT RS256 Key Pair loaded successfully from local files.","service":"kod-brand-crm","timestamp":"2026-06-09T09:28:57.138Z"}
{"level":"info","message":"🔑 JWT RS256 Key Pair loaded successfully from local files.","service":"kod-brand-crm","timestamp":"2026-06-09T09:29:01.017Z"}
{"level":"info","message":"🔑 JWT RS256 Key Pair loaded successfully from local files.","service":"kod-brand-crm","timestamp":"2026-06-09T09:29:03.733Z"}
{"level":"info","message":"🔑 JWT RS256 Key Pair loaded successfully from local files.","service":"kod-brand-crm","timestamp":"2026-06-09T09:29:16.991Z"}
{"action":"UPDATE_LEAD","details":{"updateStatus":"Basic tracking logged"},"level":"info","message":"AUDIT: [UPDATE_LEAD] executed by user [6a27956af292348deb7d0496] (employee) on resource [6a27dc1dd5352fea69a5f427]","resourceId":"6a27dc1dd5352fea69a5f427","service":"kod-brand-crm","timestamp":"2026-06-09T09:43:24.675Z","userId":"6a27956af292348deb7d0496","userRole":"employee"}
{"action":"UPDATE_LEAD","details":{"updateStatus":"Basic tracking logged"},"level":"info","message":"AUDIT: [UPDATE_LEAD] executed by user [6a27956af292348deb7d0496] (employee) on resource [6a27dc1dd5352fea69a5f424]","resourceId":"6a27dc1dd5352fea69a5f424","service":"kod-brand-crm","timestamp":"2026-06-09T09:46:46.484Z","userId":"6a27956af292348deb7d0496","userRole":"employee"}
{"action":"UPDATE_LEAD","details":{"updateStatus":"Basic tracking logged"},"level":"info","message":"AUDIT: [UPDATE_LEAD] executed by user [6a27956af292348deb7d0496] (employee) on resource [6a27dc1dd5352fea69a5f428]","resourceId":"6a27dc1dd5352fea69a5f428","service":"kod-brand-crm","timestamp":"2026-06-09T09:57:34.082Z","userId":"6a27956af292348deb7d0496","userRole":"employee"}
{"level":"info","message":"🔑 JWT RS256 Key Pair loaded successfully from local files.","service":"kod-brand-crm","timestamp":"2026-06-09T09:59:34.183Z"}
{"action":"UPDATE_LEAD","details":{"updateStatus":"Basic tracking logged"},"level":"info","message":"AUDIT: [UPDATE_LEAD] executed by user [6a27956af292348deb7d0496] (employee) on resource [6a27dc1dd5352fea69a5f425]","resourceId":"6a27dc1dd5352fea69a5f425","service":"kod-brand-crm","timestamp":"2026-06-09T10:04:22.247Z","userId":"6a27956af292348deb7d0496","userRole":"employee"}
{"action":"UPDATE_LEAD","details":{"updateStatus":"Basic tracking logged"},"level":"info","message":"AUDIT: [UPDATE_LEAD] executed by user [6a27956af292348deb7d0496] (employee) on resource [6a26951d5296c7040f113fcd]","resourceId":"6a26951d5296c7040f113fcd","service":"kod-brand-crm","timestamp":"2026-06-09T10:07:43.461Z","userId":"6a27956af292348deb7d0496","userRole":"employee"}
{"action":"UPDATE_LEAD","details":{"updateStatus":"Basic tracking logged"},"level":"info","message":"AUDIT: [UPDATE_LEAD] executed by user [6a27956af292348deb7d0496] (employee) on resource [6a27dc1dd5352fea69a5f426]","resourceId":"6a27dc1dd5352fea69a5f426","service":"kod-brand-crm","timestamp":"2026-06-09T10:10:05.987Z","userId":"6a27956af292348deb7d0496","userRole":"employee"}
{"level":"info","message":"🔑 JWT RS256 Key Pair loaded successfully from local files.","service":"kod-brand-crm","timestamp":"2026-06-09T10:13:17.976Z"}
{"action":"UPDATE_LEAD","details":{"updateStatus":"Basic tracking logged"},"level":"info","message":"AUDIT: [UPDATE_LEAD] executed by user [6a27956af292348deb7d0496] (employee) on resource [6a27dc1dd5352fea69a5f41c]","resourceId":"6a27dc1dd5352fea69a5f41c","service":"kod-brand-crm","timestamp":"2026-06-09T10:14:45.397Z","userId":"6a27956af292348deb7d0496","userRole":"employee"}
{"level":"info","message":"🔑 JWT RS256 Key Pair loaded successfully from local files.","service":"kod-brand-crm","timestamp":"2026-06-09T10:15:07.697Z"}
{"action":"UPDATE_LEAD","details":{"updateStatus":"Basic tracking logged"},"level":"info","message":"AUDIT: [UPDATE_LEAD] executed by user [6a27956af292348deb7d0496] (employee) on resource [6a27dc1dd5352fea69a5f421]","resourceId":"6a27dc1dd5352fea69a5f421","service":"kod-brand-crm","timestamp":"2026-06-09T10:21:34.180Z","userId":"6a27956af292348deb7d0496","userRole":"employee"}
{"action":"IMPORT_LEADS","details":{"count":14},"level":"info","message":"AUDIT: [IMPORT_LEADS] executed by user [6a27956af292348deb7d0496] (employee) on resource [bulk]","resourceId":"bulk","service":"kod-brand-crm","timestamp":"2026-06-09T10:22:10.170Z","userId":"6a27956af292348deb7d0496","userRole":"employee"}
{"action":"UPDATE_LEAD","details":{"updateStatus":"Basic tracking logged"},"level":"info","message":"AUDIT: [UPDATE_LEAD] executed by user [6a27956af292348deb7d0496] (employee) on resource [6a27e951558c220a47ffeffd]","resourceId":"6a27e951558c220a47ffeffd","service":"kod-brand-crm","timestamp":"2026-06-09T10:22:29.779Z","userId":"6a27956af292348deb7d0496","userRole":"employee"}
{"action":"IMPORT_LEADS","details":{"count":14},"level":"info","message":"AUDIT: [IMPORT_LEADS] executed by user [6a27956af292348deb7d0496] (employee) on resource [bulk]","resourceId":"bulk","service":"kod-brand-crm","timestamp":"2026-06-09T10:23:20.714Z","userId":"6a27956af292348deb7d0496","userRole":"employee"}
{"errorStack":"ReferenceError: prisma is not defined\n    at recordAudit (file:///C:/Users/Lenovo%20L460/Desktop/crm-1/crm-test/backend/src/middleware/audit.middleware.js:27:25)\n    at updateUser (file:///C:/Users/Lenovo%20L460/Desktop/crm-1/crm-test/backend/src/controllers/user.controller.js:472:13)\n    at process.processTicksAndRejections (node:internal/process/task_queues:105:5)","level":"error","message":"❌ Failed to record Audit transaction: prisma is not defined","service":"kod-brand-crm","timestamp":"2026-06-09T11:14:58.288Z"}
{"errorStack":"ReferenceError: prisma is not defined\n    at recordAudit (file:///C:/Users/Lenovo%20L460/Desktop/crm-1/crm-test/backend/src/middleware/audit.middleware.js:27:25)\n    at createUser (file:///C:/Users/Lenovo%20L460/Desktop/crm-1/crm-test/backend/src/controllers/user.controller.js:344:13)\n    at process.processTicksAndRejections (node:internal/process/task_queues:105:5)","level":"error","message":"❌ Failed to record Audit transaction: prisma is not defined","service":"kod-brand-crm","timestamp":"2026-06-09T11:17:24.440Z"}
