{"level":"info","message":"🔑 JWT RS256 Key Pair loaded successfully from local files.","service":"kod-brand-crm","timestamp":"2026-06-19T04:05:01.982Z"}
{"level":"info","message":"🔑 JWT RS256 Key Pair loaded successfully from local files.","service":"kod-brand-crm","timestamp":"2026-06-19T05:24:44.012Z"}
{"errorStack":"ReferenceError: prisma is not defined\n    at recordAudit (file:///C:/Users/Lenovo%20L460/Desktop/crm-1/crm-test/backend/src/middleware/audit.middleware.js:27:25)\n    at createUser (file:///C:/Users/Lenovo%20L460/Desktop/crm-1/crm-test/backend/src/controllers/user.controller.js:350:13)\n    at process.processTicksAndRejections (node:internal/process/task_queues:105:5)","level":"error","message":"❌ Failed to record Audit transaction: prisma is not defined","service":"kod-brand-crm","timestamp":"2026-06-19T05:27:34.155Z"}
{"errorStack":"ReferenceError: prisma is not defined\n    at recordAudit (file:///C:/Users/Lenovo%20L460/Desktop/crm-1/crm-test/backend/src/middleware/audit.middleware.js:27:25)\n    at createUser (file:///C:/Users/Lenovo%20L460/Desktop/crm-1/crm-test/backend/src/controllers/user.controller.js:350:13)\n    at process.processTicksAndRejections (node:internal/process/task_queues:105:5)","level":"error","message":"❌ Failed to record Audit transaction: prisma is not defined","service":"kod-brand-crm","timestamp":"2026-06-19T05:30:46.432Z"}
{"level":"info","message":"🔑 JWT RS256 Key Pair loaded successfully from local files.","service":"kod-brand-crm","timestamp":"2026-06-19T05:31:26.048Z"}
{"level":"info","message":"🔑 JWT RS256 Key Pair loaded successfully from local files.","service":"kod-brand-crm","timestamp":"2026-06-19T05:31:30.566Z"}
{"errorStack":"ReferenceError: prisma is not defined\n    at recordAudit (file:///C:/Users/Lenovo%20L460/Desktop/crm-1/crm-test/backend/src/middleware/audit.middleware.js:27:25)\n    at createUser (file:///C:/Users/Lenovo%20L460/Desktop/crm-1/crm-test/backend/src/controllers/user.controller.js:350:13)\n    at process.processTicksAndRejections (node:internal/process/task_queues:105:5)","level":"error","message":"❌ Failed to record Audit transaction: prisma is not defined","service":"kod-brand-crm","timestamp":"2026-06-19T05:35:33.170Z"}
{"errorStack":"ReferenceError: prisma is not defined\n    at recordAudit (file:///C:/Users/Lenovo%20L460/Desktop/crm-1/crm-test/backend/src/middleware/audit.middleware.js:27:25)\n    at updateUser (file:///C:/Users/Lenovo%20L460/Desktop/crm-1/crm-test/backend/src/controllers/user.controller.js:487:13)\n    at process.processTicksAndRejections (node:internal/process/task_queues:105:5)","level":"error","message":"❌ Failed to record Audit transaction: prisma is not defined","service":"kod-brand-crm","timestamp":"2026-06-19T05:36:55.341Z"}
{"errorStack":"ReferenceError: prisma is not defined\n    at recordAudit (file:///C:/Users/Lenovo%20L460/Desktop/crm-1/crm-test/backend/src/middleware/audit.middleware.js:27:25)\n    at updateUser (file:///C:/Users/Lenovo%20L460/Desktop/crm-1/crm-test/backend/src/controllers/user.controller.js:487:13)\n    at process.processTicksAndRejections (node:internal/process/task_queues:105:5)","level":"error","message":"❌ Failed to record Audit transaction: prisma is not defined","service":"kod-brand-crm","timestamp":"2026-06-19T05:38:45.171Z"}
{"errorStack":"ReferenceError: prisma is not defined\n    at recordAudit (file:///C:/Users/Lenovo%20L460/Desktop/crm-1/crm-test/backend/src/middleware/audit.middleware.js:27:25)\n    at updateUser (file:///C:/Users/Lenovo%20L460/Desktop/crm-1/crm-test/backend/src/controllers/user.controller.js:487:13)\n    at process.processTicksAndRejections (node:internal/process/task_queues:105:5)","level":"error","message":"❌ Failed to record Audit transaction: prisma is not defined","service":"kod-brand-crm","timestamp":"2026-06-19T05:38:56.336Z"}
{"errorStack":"ReferenceError: prisma is not defined\n    at recordAudit (file:///C:/Users/Lenovo%20L460/Desktop/crm-1/crm-test/backend/src/middleware/audit.middleware.js:27:25)\n    at updateUser (file:///C:/Users/Lenovo%20L460/Desktop/crm-1/crm-test/backend/src/controllers/user.controller.js:487:13)\n    at process.processTicksAndRejections (node:internal/process/task_queues:105:5)","level":"error","message":"❌ Failed to record Audit transaction: prisma is not defined","service":"kod-brand-crm","timestamp":"2026-06-19T05:40:17.395Z"}
{"level":"info","message":"🔑 JWT RS256 Key Pair loaded successfully from local files.","service":"kod-brand-crm","timestamp":"2026-06-19T05:41:20.994Z"}
{"level":"info","message":"🔑 JWT RS256 Key Pair loaded successfully from local files.","service":"kod-brand-crm","timestamp":"2026-06-19T05:42:25.194Z"}
{"level":"info","message":"🔑 JWT RS256 Key Pair loaded successfully from local files.","service":"kod-brand-crm","timestamp":"2026-06-19T05:45:25.958Z"}
{"level":"info","message":"🔑 JWT RS256 Key Pair loaded successfully from local files.","service":"kod-brand-crm","timestamp":"2026-06-19T05:45:42.967Z"}
{"level":"info","message":"🔑 JWT RS256 Key Pair loaded successfully from local files.","service":"kod-brand-crm","timestamp":"2026-06-19T05:46:16.795Z"}
{"level":"info","message":"🔑 JWT RS256 Key Pair loaded successfully from local files.","service":"kod-brand-crm","timestamp":"2026-06-19T05:46:40.329Z"}
{"level":"info","message":"🔑 JWT RS256 Key Pair loaded successfully from local files.","service":"kod-brand-crm","timestamp":"2026-06-19T05:46:44.975Z"}
{"level":"info","message":"🔑 JWT RS256 Key Pair loaded successfully from local files.","service":"kod-brand-crm","timestamp":"2026-06-19T05:46:49.108Z"}
{"level":"info","message":"🔑 JWT RS256 Key Pair loaded successfully from local files.","service":"kod-brand-crm","timestamp":"2026-06-19T05:47:09.576Z"}
{"errorStack":"ReferenceError: prisma is not defined\n    at recordAudit (file:///C:/Users/Lenovo%20L460/Desktop/crm-1/crm-test/backend/src/middleware/audit.middleware.js:27:25)\n    at updateUser (file:///C:/Users/Lenovo%20L460/Desktop/crm-1/crm-test/backend/src/controllers/user.controller.js:487:13)\n    at process.processTicksAndRejections (node:internal/process/task_queues:105:5)","level":"error","message":"❌ Failed to record Audit transaction: prisma is not defined","service":"kod-brand-crm","timestamp":"2026-06-19T05:49:49.843Z"}
{"level":"info","message":"🔑 JWT RS256 Key Pair loaded successfully from local files.","service":"kod-brand-crm","timestamp":"2026-06-19T05:54:48.479Z"}
{"level":"info","message":"🔑 JWT RS256 Key Pair loaded successfully from local files.","service":"kod-brand-crm","timestamp":"2026-06-19T05:55:37.171Z"}
{"level":"info","message":"🔑 JWT RS256 Key Pair loaded successfully from local files.","service":"kod-brand-crm","timestamp":"2026-06-19T06:00:51.913Z"}
{"level":"info","message":"🔑 JWT RS256 Key Pair loaded successfully from local files.","service":"kod-brand-crm","timestamp":"2026-06-19T06:02:17.315Z"}
{"level":"info","message":"🔑 JWT RS256 Key Pair loaded successfully from local files.","service":"kod-brand-crm","timestamp":"2026-06-19T06:05:04.443Z"}
{"level":"info","message":"🔑 JWT RS256 Key Pair loaded successfully from local files.","service":"kod-brand-crm","timestamp":"2026-06-19T06:09:33.815Z"}
{"level":"info","message":"🔑 JWT RS256 Key Pair loaded successfully from local files.","service":"kod-brand-crm","timestamp":"2026-06-19T06:10:08.219Z"}
{"level":"info","message":"🔑 JWT RS256 Key Pair loaded successfully from local files.","service":"kod-brand-crm","timestamp":"2026-06-19T06:11:08.757Z"}
{"errorStack":"CastError: Cast to ObjectId failed for value \"invalid-id-format\" (type string) at path \"employee_id\" for model \"EmployeeReports\"\n    at SchemaObjectId.cast (C:\\Users\\Lenovo L460\\Desktop\\crm-1\\crm-test\\backend\\node_modules\\mongoose\\lib\\schema\\objectId.js:252:11)\n    at SchemaType.applySetters (C:\\Users\\Lenovo L460\\Desktop\\crm-1\\crm-test\\backend\\node_modules\\mongoose\\lib\\schemaType.js:1372:12)\n    at SchemaType.castForQuery (C:\\Users\\Lenovo L460\\Desktop\\crm-1\\crm-test\\backend\\node_modules\\mongoose\\lib\\schemaType.js:1798:17)\n    at cast (C:\\Users\\Lenovo L460\\Desktop\\crm-1\\crm-test\\backend\\node_modules\\mongoose\\lib\\cast.js:386:32)\n    at Query.cast (C:\\Users\\Lenovo L460\\Desktop\\crm-1\\crm-test\\backend\\node_modules\\mongoose\\lib\\query.js:5212:12)\n    at Query._castConditions (C:\\Users\\Lenovo L460\\Desktop\\crm-1\\crm-test\\backend\\node_modules\\mongoose\\lib\\query.js:2409:10)\n    at model.Query._findOneAndUpdate (C:\\Users\\Lenovo L460\\Desktop\\crm-1\\crm-test\\backend\\node_modules\\mongoose\\lib\\query.js:3555:8)\n    at model.Query.exec (C:\\Users\\Lenovo L460\\Desktop\\crm-1\\crm-test\\backend\\node_modules\\mongoose\\lib\\query.js:4797:80)\n    at process.processTicksAndRejections (node:internal/process/task_queues:105:5)\n    at async uploadPDFReport (file:///C:/Users/Lenovo%20L460/Desktop/crm-1/crm-test/backend/src/controllers/employeeReportPDF.controller.js:194:28)","level":"error","message":"Global Server Exception Error Cast to ObjectId failed for value \"invalid-id-format\" (type string) at path \"employee_id\" for model \"EmployeeReports\"","service":"kod-brand-crm","timestamp":"2026-06-19T06:11:18.533Z"}
{"level":"info","message":"🔑 JWT RS256 Key Pair loaded successfully from local files.","service":"kod-brand-crm","timestamp":"2026-06-19T06:12:12.105Z"}
{"level":"info","message":"🔑 JWT RS256 Key Pair loaded successfully from local files.","service":"kod-brand-crm","timestamp":"2026-06-19T06:12:53.235Z"}
{"level":"info","message":"🔑 JWT RS256 Key Pair loaded successfully from local files.","service":"kod-brand-crm","timestamp":"2026-06-19T06:13:19.302Z"}
{"level":"info","message":"🔑 JWT RS256 Key Pair loaded successfully from local files.","service":"kod-brand-crm","timestamp":"2026-06-19T06:13:46.583Z"}
{"level":"info","message":"🔑 JWT RS256 Key Pair loaded successfully from local files.","service":"kod-brand-crm","timestamp":"2026-06-19T06:14:06.377Z"}
{"level":"info","message":"🔑 JWT RS256 Key Pair loaded successfully from local files.","service":"kod-brand-crm","timestamp":"2026-06-19T06:14:10.354Z"}
{"level":"info","message":"🔑 JWT RS256 Key Pair loaded successfully from local files.","service":"kod-brand-crm","timestamp":"2026-06-19T06:15:11.351Z"}
{"level":"info","message":"🔑 JWT RS256 Key Pair loaded successfully from local files.","service":"kod-brand-crm","timestamp":"2026-06-19T06:16:39.153Z"}
{"errorStack":"MulterError: File too large\n    at abortWithCode (C:\\Users\\Lenovo L460\\Desktop\\crm-1\\crm-test\\backend\\node_modules\\multer\\lib\\make-middleware.js:73:22)\n    at FileStream.<anonymous> (C:\\Users\\Lenovo L460\\Desktop\\crm-1\\crm-test\\backend\\node_modules\\multer\\lib\\make-middleware.js:136:11)\n    at FileStream.emit (node:events:519:28)\n    at SBMH.ssCb [as _cb] (C:\\Users\\Lenovo L460\\Desktop\\crm-1\\crm-test\\backend\\node_modules\\busboy\\lib\\types\\multipart.js:479:32)\n    at feed (C:\\Users\\Lenovo L460\\Desktop\\crm-1\\crm-test\\backend\\node_modules\\streamsearch\\lib\\sbmh.js:248:10)\n    at SBMH.push (C:\\Users\\Lenovo L460\\Desktop\\crm-1\\crm-test\\backend\\node_modules\\streamsearch\\lib\\sbmh.js:104:16)\n    at Multipart._write (C:\\Users\\Lenovo L460\\Desktop\\crm-1\\crm-test\\backend\\node_modules\\busboy\\lib\\types\\multipart.js:567:19)\n    at writeOrBuffer (node:internal/streams/writable:572:12)\n    at _write (node:internal/streams/writable:501:10)\n    at Writable.write (node:internal/streams/writable:510:10)","level":"error","message":"Global Server Exception Error File too large","service":"kod-brand-crm","timestamp":"2026-06-19T06:17:17.279Z"}
{"level":"info","message":"🔑 JWT RS256 Key Pair loaded successfully from local files.","service":"kod-brand-crm","timestamp":"2026-06-19T06:23:43.903Z"}
{"level":"error","message":"Global Server Exception Error File size too large. Got 18902273. Maximum is 10485760.","service":"kod-brand-crm","timestamp":"2026-06-19T06:27:19.409Z"}
{"level":"error","message":"Global Server Exception Error File size too large. Got 18902273. Maximum is 10485760.","service":"kod-brand-crm","timestamp":"2026-06-19T06:27:33.406Z"}
{"level":"info","message":"🔑 JWT RS256 Key Pair loaded successfully from local files.","service":"kod-brand-crm","timestamp":"2026-06-19T06:37:24.875Z"}
{"level":"info","message":"🔑 JWT RS256 Key Pair loaded successfully from local files.","service":"kod-brand-crm","timestamp":"2026-06-19T06:38:48.503Z"}
{"level":"info","message":"🔑 JWT RS256 Key Pair loaded successfully from local files.","service":"kod-brand-crm","timestamp":"2026-06-19T06:41:44.563Z"}
{"level":"error","message":"Global Server Exception Error File size too large. Got 12610817. Maximum is 10485760.","service":"kod-brand-crm","timestamp":"2026-06-19T06:43:03.488Z"}
{"level":"error","message":"Global Server Exception Error File size too large. Got 12610817. Maximum is 10485760.","service":"kod-brand-crm","timestamp":"2026-06-19T06:43:11.998Z"}
{"level":"error","message":"Global Server Exception Error File size too large. Got 12610817. Maximum is 10485760.","service":"kod-brand-crm","timestamp":"2026-06-19T06:43:14.387Z"}
{"level":"error","message":"Global Server Exception Error File size too large. Got 12610817. Maximum is 10485760.","service":"kod-brand-crm","timestamp":"2026-06-19T06:43:32.789Z"}
{"level":"error","message":"Global Server Exception Error File size too large. Got 12610817. Maximum is 10485760.","service":"kod-brand-crm","timestamp":"2026-06-19T06:43:51.593Z"}
{"level":"error","message":"Global Server Exception Error File size too large. Got 12610817. Maximum is 10485760.","service":"kod-brand-crm","timestamp":"2026-06-19T06:44:09.201Z"}
{"errorStack":"ReferenceError: prisma is not defined\n    at recordAudit (file:///C:/Users/Lenovo%20L460/Desktop/crm-1/crm-test/backend/src/middleware/audit.middleware.js:27:25)\n    at updateUser (file:///C:/Users/Lenovo%20L460/Desktop/crm-1/crm-test/backend/src/controllers/user.controller.js:487:13)\n    at process.processTicksAndRejections (node:internal/process/task_queues:105:5)","level":"error","message":"❌ Failed to record Audit transaction: prisma is not defined","service":"kod-brand-crm","timestamp":"2026-06-19T06:48:48.239Z"}
{"level":"error","message":"Global Server Exception Error File size too large. Got 12610817. Maximum is 10485760.","service":"kod-brand-crm","timestamp":"2026-06-19T06:49:28.286Z"}
{"level":"error","message":"Global Server Exception Error File size too large. Got 12610817. Maximum is 10485760.","service":"kod-brand-crm","timestamp":"2026-06-19T06:49:38.333Z"}
{"level":"error","message":"Global Server Exception Error File size too large. Got 12615596. Maximum is 10485760.","service":"kod-brand-crm","timestamp":"2026-06-19T06:51:26.771Z"}
{"level":"error","message":"Global Server Exception Error File size too large. Got 12615596. Maximum is 10485760.","service":"kod-brand-crm","timestamp":"2026-06-19T06:51:36.602Z"}
{"level":"error","message":"Global Server Exception Error File size too large. Got 12615596. Maximum is 10485760.","service":"kod-brand-crm","timestamp":"2026-06-19T06:51:37.165Z"}
{"level":"error","message":"Global Server Exception Error File size too large. Got 12615596. Maximum is 10485760.","service":"kod-brand-crm","timestamp":"2026-06-19T06:51:40.179Z"}
{"level":"error","message":"Global Server Exception Error File size too large. Got 12615596. Maximum is 10485760.","service":"kod-brand-crm","timestamp":"2026-06-19T06:51:42.750Z"}
{"level":"error","message":"Global Server Exception Error File size too large. Got 12615596. Maximum is 10485760.","service":"kod-brand-crm","timestamp":"2026-06-19T06:51:47.676Z"}
{"level":"error","message":"Global Server Exception Error File size too large. Got 12615596. Maximum is 10485760.","service":"kod-brand-crm","timestamp":"2026-06-19T06:51:51.302Z"}
{"level":"error","message":"Global Server Exception Error File size too large. Got 12615596. Maximum is 10485760.","service":"kod-brand-crm","timestamp":"2026-06-19T06:51:54.524Z"}
{"level":"error","message":"Global Server Exception Error File size too large. Got 12615596. Maximum is 10485760.","service":"kod-brand-crm","timestamp":"2026-06-19T06:51:59.630Z"}
{"errorStack":"ReferenceError: prisma is not defined\n    at recordAudit (file:///C:/Users/Lenovo%20L460/Desktop/crm-1/crm-test/backend/src/middleware/audit.middleware.js:27:25)\n    at updateUser (file:///C:/Users/Lenovo%20L460/Desktop/crm-1/crm-test/backend/src/controllers/user.controller.js:487:13)\n    at process.processTicksAndRejections (node:internal/process/task_queues:105:5)","level":"error","message":"❌ Failed to record Audit transaction: prisma is not defined","service":"kod-brand-crm","timestamp":"2026-06-19T06:52:53.980Z"}
{"level":"error","message":"Global Server Exception Error File size too large. Got 12619353. Maximum is 10485760.","service":"kod-brand-crm","timestamp":"2026-06-19T06:53:49.716Z"}
{"level":"error","message":"Global Server Exception Error File size too large. Got 12619353. Maximum is 10485760.","service":"kod-brand-crm","timestamp":"2026-06-19T06:55:42.682Z"}
{"level":"error","message":"Global Server Exception Error File size too large. Got 12619572. Maximum is 10485760.","service":"kod-brand-crm","timestamp":"2026-06-19T06:57:03.354Z"}
{"level":"error","message":"Global Server Exception Error File size too large. Got 12619572. Maximum is 10485760.","service":"kod-brand-crm","timestamp":"2026-06-19T07:03:35.015Z"}
{"level":"error","message":"Global Server Exception Error File size too large. Got 12619572. Maximum is 10485760.","service":"kod-brand-crm","timestamp":"2026-06-19T07:04:14.038Z"}
{"level":"error","message":"Global Server Exception Error File size too large. Got 12619572. Maximum is 10485760.","service":"kod-brand-crm","timestamp":"2026-06-19T07:05:18.916Z"}
{"level":"info","message":"🔑 JWT RS256 Key Pair loaded successfully from local files.","service":"kod-brand-crm","timestamp":"2026-06-19T07:19:45.813Z"}
{"level":"error","message":"Global Server Exception Error File size too large. Got 12619572. Maximum is 10485760.","service":"kod-brand-crm","timestamp":"2026-06-19T08:08:58.897Z"}
{"level":"error","message":"Global Server Exception Error File size too large. Got 12619572. Maximum is 10485760.","service":"kod-brand-crm","timestamp":"2026-06-19T08:09:14.366Z"}
{"errorStack":"ReferenceError: prisma is not defined\n    at recordAudit (file:///C:/Users/Lenovo%20L460/Desktop/crm-1/crm-test/backend/src/middleware/audit.middleware.js:27:25)\n    at updateUser (file:///C:/Users/Lenovo%20L460/Desktop/crm-1/crm-test/backend/src/controllers/user.controller.js:487:13)\n    at process.processTicksAndRejections (node:internal/process/task_queues:105:5)","level":"error","message":"❌ Failed to record Audit transaction: prisma is not defined","service":"kod-brand-crm","timestamp":"2026-06-19T08:10:44.851Z"}
{"level":"error","message":"Global Server Exception Error File size too large. Got 12630207. Maximum is 10485760.","service":"kod-brand-crm","timestamp":"2026-06-19T08:12:21.165Z"}
{"level":"error","message":"Global Server Exception Error File size too large. Got 12630207. Maximum is 10485760.","service":"kod-brand-crm","timestamp":"2026-06-19T08:12:26.709Z"}
{"level":"error","message":"Global Server Exception Error File size too large. Got 12630207. Maximum is 10485760.","service":"kod-brand-crm","timestamp":"2026-06-19T08:12:28.822Z"}
{"level":"error","message":"Global Server Exception Error File size too large. Got 12630207. Maximum is 10485760.","service":"kod-brand-crm","timestamp":"2026-06-19T08:12:33.342Z"}
{"level":"info","message":"🔑 JWT RS256 Key Pair loaded successfully from local files.","service":"kod-brand-crm","timestamp":"2026-06-19T08:20:18.309Z"}
